<?xml version="1.0" encoding="UTF-8"?>
<testsuite xmlns:xsi="http://www.w3.org/2001/XMLSchema-instance" xsi:noNamespaceSchemaLocation="https://maven.apache.org/surefire/maven-surefire-plugin/xsd/surefire-test-report.xsd" name="com.ifood.Playlist.controller.CategoryControllerTest" time="2.387" tests="3" errors="0" skipped="0" failures="0">
  <properties>
[...]
</properties>
  <testcase name="testGetCategory1" classname="com.ifood.Playlist.controller.CategoryControllerTest" time="1.778"/>
  <testcase name="testGetCategory2" classname="com.ifood.Playlist.controller.CategoryControllerTest" time="0.306"/>
  <testcase name="testGetCategory3" classname="com.ifood.Playlist.controller.CategoryControllerTest" time="0.303"/>
</testsuite>